0 info it worked if it ends with ok
1 verbose cli [ 'F:\\Program Files\\nodejs\\node.exe',
1 verbose cli   'F:\\Program Files\\nodejs\\node_modules\\npm\\bin\\npm-cli.js',
1 verbose cli   'run',
1 verbose cli   'build' ]
2 info using npm@3.10.10
3 info using node@v6.10.3
4 verbose run-script [ 'prebuild', 'build', 'postbuild' ]
5 info lifecycle mantou@0.0.1~prebuild: mantou@0.0.1
6 silly lifecycle mantou@0.0.1~prebuild: no script for prebuild, continuing
7 info lifecycle mantou@0.0.1~build: mantou@0.0.1
8 verbose lifecycle mantou@0.0.1~build: unsafe-perm in lifecycle true
9 verbose lifecycle mantou@0.0.1~build: PATH: F:\Program Files\nodejs\node_modules\npm\bin\node-gyp-bin;F:\Program Files\H5\node_modules\.bin;C:\Program Files (x86)\MacType\;C:\Program Files (x86)\AMD APP\bin\x86_64;C:\Program Files (x86)\AMD APP\bin\x86;C:\windows\system32;C:\windows;C:\windows\System32\Wbem;C:\windows\System32\WindowsPowerShell\v1.0\;F:\Program Files\Git\cmd;F:\Program Files\nodejs\;F:\Program Files\ATI Technologies\ATI.ACE\Core-Static;F:\phpStudy\php55;C:\Users\Administrator\AppData\Roaming\npm;C:\Program Files (x86)\MacType
10 verbose lifecycle mantou@0.0.1~build: CWD: F:\Program Files\H5
11 silly lifecycle mantou@0.0.1~build: Args: [ '/d /s /c',
11 silly lifecycle   'webpack --config webpack.config.prod.babel.js --colors --display-error-details --progress' ]
12 silly lifecycle mantou@0.0.1~build: Returned: code: 1  signal: null
13 info lifecycle mantou@0.0.1~build: Failed to exec build script
14 verbose stack Error: mantou@0.0.1 build: `webpack --config webpack.config.prod.babel.js --colors --display-error-details --progress`
14 verbose stack Exit status 1
14 verbose stack     at EventEmitter.<anonymous> (F:\Program Files\nodejs\node_modules\npm\lib\utils\lifecycle.js:255:16)
14 verbose stack     at emitTwo (events.js:106:13)
14 verbose stack     at EventEmitter.emit (events.js:191:7)
14 verbose stack     at ChildProcess.<anonymous> (F:\Program Files\nodejs\node_modules\npm\lib\utils\spawn.js:40:14)
14 verbose stack     at emitTwo (events.js:106:13)
14 verbose stack     at ChildProcess.emit (events.js:191:7)
14 verbose stack     at maybeClose (internal/child_process.js:886:16)
14 verbose stack     at Process.ChildProcess._handle.onexit (internal/child_process.js:226:5)
15 verbose pkgid mantou@0.0.1
16 verbose cwd F:\Program Files\H5
17 error Windows_NT 6.1.7601
18 error argv "F:\\Program Files\\nodejs\\node.exe" "F:\\Program Files\\nodejs\\node_modules\\npm\\bin\\npm-cli.js" "run" "build"
19 error node v6.10.3
20 error npm  v3.10.10
21 error code ELIFECYCLE
22 error mantou@0.0.1 build: `webpack --config webpack.config.prod.babel.js --colors --display-error-details --progress`
22 error Exit status 1
23 error Failed at the mantou@0.0.1 build script 'webpack --config webpack.config.prod.babel.js --colors --display-error-details --progress'.
23 error Make sure you have the latest version of node.js and npm installed.
23 error If you do, this is most likely a problem with the mantou package,
23 error not with npm itself.
23 error Tell the author that this fails on your system:
23 error     webpack --config webpack.config.prod.babel.js --colors --display-error-details --progress
23 error You can get information on how to open an issue for this project with:
23 error     npm bugs mantou
23 error Or if that isn't available, you can get their info via:
23 error     npm owner ls mantou
23 error There is likely additional logging output above.
24 verbose exit [ 1, true ]
